 Branching    Partial width     Channel
 8.74046E-01  5.87044E-03 GeV   H0 -> b,b~
 5.73932E-02  3.85476E-04 GeV   H0 -> c,c~
 3.74325E-02  2.51412E-04 GeV   H0 -> tau-,tau+
 2.92673E-02  1.96571E-04 GeV   H0 -> G,G
 1.32015E-03  8.86663E-06 GeV   H0 -> A,A
 4.07075E-04  2.73408E-06 GeV   H0 -> s,s~
 1.32501E-04  8.89932E-07 GeV   H0 -> mu-,mu+
 1.01366E-06  6.80817E-09 GeV   H0 -> d,d~
 2.31527E-07  1.55503E-09 GeV   H0 -> u,u~
 3.09915E-09  2.08151E-11 GeV   H0 -> e-,e+
 3.37888E-23  2.26939E-25 GeV   H0 -> vt,vt~
 1.05364E-24  7.07666E-27 GeV   H0 -> vm,vm~
 1.33018E-26  8.93405E-29 GeV   H0 -> ve,ve~
 2.36409E-31  1.58782E-33 GeV   H0 -> A,Z
 Branching    Partial width     Channel
 9.98217E-01  1.46427E+00 GeV   t -> W,b
 1.71316E-03  2.51300E-03 GeV   t -> W,s
 6.92454E-05  1.01575E-04 GeV   t -> W,d
 Branching    Partial width     Channel
 1.52092E-01  3.66775E-01 GeV   Z -> d,d~
 1.52091E-01  3.66774E-01 GeV   Z -> s,s~
 1.50450E-01  3.62814E-01 GeV   Z -> b,b~
 1.17796E-01  2.84069E-01 GeV   Z -> u,u~
 1.17676E-01  2.83779E-01 GeV   Z -> c,c~
 6.88002E-02  1.65914E-01 GeV   Z -> ve,ve~
 6.88002E-02  1.65914E-01 GeV   Z -> vm,vm~
 6.88002E-02  1.65914E-01 GeV   Z -> vt,vt~
 3.45244E-02  8.32568E-02 GeV   Z -> e-,e+
 3.45242E-02  8.32562E-02 GeV   Z -> mu-,mu+
 3.44461E-02  8.30680E-02 GeV   Z -> tau-,tau+
 Branching    Partial width     Channel
 3.16596E-01  6.33989E-01 GeV   W -> u,d~
 3.15906E-01  6.32607E-01 GeV   W -> c,s~
 7.64480E-02  1.53088E-01 GeV   W -> ve,e+
 6.24821E-02  1.25122E-01 GeV   W -> vt,tau+
 4.62167E-02  9.25497E-02 GeV   W -> vt,mu+
 4.09437E-02  8.19905E-02 GeV   W -> vm,tau+
 3.78632E-02  7.58217E-02 GeV   W -> vm,mu+
 3.22974E-02  6.46761E-02 GeV   W -> vm,e+
 2.70547E-02  5.41774E-02 GeV   W -> ve,mu+
 1.68081E-02  3.36585E-02 GeV   W -> u,s~
 1.67792E-02  3.36006E-02 GeV   W -> c,d~
 7.62638E-03  1.52720E-02 GeV   W -> ve,tau+
 2.38940E-03  4.78481E-03 GeV   W -> vt,e+
 5.88913E-04  1.17931E-03 GeV   W -> c,b~
 4.64908E-07  9.30987E-07 GeV   W -> u,b~
 Branching    Partial width     Channel
 1.65567E-01  7.77378E+00 GeV   Zp -> u,u~
 1.65567E-01  7.77378E+00 GeV   Zp -> c,c~
 1.64055E-01  7.70280E+00 GeV   Zp -> t,t~
 1.23133E-01  5.78143E+00 GeV   Zp -> dp,dp~
 3.73689E-02  1.75457E+00 GeV   Zp -> e-,e+
 3.73689E-02  1.75457E+00 GeV   Zp -> mu-,mu+
 3.73688E-02  1.75456E+00 GeV   Zp -> tau-,tau+
 3.53665E-02  1.66055E+00 GeV   Zp -> H1,A1
 3.53036E-02  1.65759E+00 GeV   Zp -> Hp2,Hp2~
 2.40256E-02  1.12807E+00 GeV   Zp -> d,d~
 2.40256E-02  1.12807E+00 GeV   Zp -> s,s~
 2.40254E-02  1.12806E+00 GeV   Zp -> b,b~
 1.59052E-02  7.46791E-01 GeV   Zp -> W,W~
 1.50999E-02  7.08980E-01 GeV   Zp -> Z,H0
 1.44070E-02  6.76446E-01 GeV   Zp -> ve,ve~
 1.44070E-02  6.76446E-01 GeV   Zp -> vm,vm~
 1.44070E-02  6.76446E-01 GeV   Zp -> vt,vt~
 1.35299E-02  6.35265E-01 GeV   Zp -> Z,H2
 1.28577E-02  6.03701E-01 GeV   Zp -> W~,Hp1
 1.28577E-02  6.03701E-01 GeV   Zp -> W,Hp1~
 1.28445E-02  6.03082E-01 GeV   Zp -> H0,A2
 2.89569E-04  1.35960E-02 GeV   Zp -> Hp1,Hp1~
 2.02615E-04  9.51332E-03 GeV   Zp -> H2,A2
 8.59786E-06  4.03692E-04 GeV   Zp -> Wp~,Hp2
 8.59786E-06  4.03692E-04 GeV   Zp -> Wp,Hp2~
 8.10711E-37  3.80650E-35 GeV   Zp -> A,H2
 Branching    Partial width     Channel
 3.47278E-01  1.60676E+01 GeV   Wp -> u,dp~
 2.41018E-01  1.11513E+01 GeV   Wp -> c,sp~
 1.42351E-01  6.58619E+00 GeV   Wp -> t,bp~
 4.66135E-02  2.15668E+00 GeV   Wp -> e+,~ne
 3.34187E-02  1.54619E+00 GeV   Wp -> Z,Hp2
 3.33652E-02  1.54372E+00 GeV   Wp -> W,H1
 3.33652E-02  1.54372E+00 GeV   Wp -> W,A1
 3.20468E-02  1.48272E+00 GeV   Wp -> H0,Hp2
 1.84291E-02  8.52667E-01 GeV   Wp -> c,dp~
 1.64964E-02  7.63242E-01 GeV   Wp -> mu+,~ne
 1.28192E-02  5.93109E-01 GeV   Wp -> u,sp~
 9.94992E-03  4.60356E-01 GeV   Wp -> H2,Hp2
 9.16276E-03  4.23936E-01 GeV   Wp -> A2,Hp2
 9.15935E-03  4.23779E-01 GeV   Wp -> H1,Hp1
 9.15935E-03  4.23779E-01 GeV   Wp -> A1,Hp1
 4.65356E-03  2.15308E-01 GeV   Wp -> tau+,~ne
 4.39868E-04  2.03515E-02 GeV   Wp -> t,sp~
 2.58898E-04  1.19785E-02 GeV   Wp -> c,bp~
 1.26713E-05  5.86269E-04 GeV   Wp -> t,dp~
 1.93541E-06  8.95464E-05 GeV   Wp -> u,bp~
 2.99454E-36  1.38549E-34 GeV   Wp -> A,Hp2
 Branching    Partial width     Channel
 Branching    Partial width     Channel
 Branching    Partial width     Channel
 9.94177E-01  9.55709E+00 GeV   Hp1 -> t,b~
 3.93902E-03  3.78661E-02 GeV   Hp1 -> W,H0
 1.69059E-03  1.62518E-02 GeV   Hp1 -> t,s~
 6.83329E-05  6.56889E-04 GeV   Hp1 -> t,d~
 6.41458E-05  6.16639E-04 GeV   Hp1 -> c,s~
 2.33594E-05  2.24556E-04 GeV   Hp1 -> vt,tau+
 1.57029E-05  1.50954E-04 GeV   Hp1 -> c,b~
 1.53071E-05  1.47148E-04 GeV   Hp1 -> vm,tau+
 3.20350E-06  3.07955E-05 GeV   Hp1 -> c,d~
 2.85118E-06  2.74086E-05 GeV   Hp1 -> ve,tau+
 2.04369E-07  1.96462E-06 GeV   Hp1 -> u,s~
 1.28944E-07  1.23955E-06 GeV   Hp1 -> Z,W
 8.28846E-08  7.96776E-07 GeV   Hp1 -> H1,Hp2
 8.28846E-08  7.96776E-07 GeV   Hp1 -> A1,Hp2
 6.10431E-08  5.86812E-07 GeV   Hp1 -> vt,mu+
 5.00098E-08  4.80748E-07 GeV   Hp1 -> vm,mu+
 3.57339E-08  3.43512E-07 GeV   Hp1 -> ve,mu+
 1.23027E-08  1.18267E-07 GeV   Hp1 -> u,b~
 9.82856E-09  9.44826E-08 GeV   Hp1 -> u,d~
 2.36169E-12  2.27031E-11 GeV   Hp1 -> ve,e+
 9.97757E-13  9.59151E-12 GeV   Hp1 -> vm,e+
 7.38153E-14  7.09592E-13 GeV   Hp1 -> vt,e+
 4.05975E-35  3.90266E-34 GeV   Hp1 -> A,W
 Branching    Partial width     Channel
 9.50547E-01  7.01630E+00 GeV   H2 -> t,t~
 2.46222E-02  1.81745E-01 GeV   H2 -> H0,H0
 1.11812E-02  8.25318E-02 GeV   H2 -> b,b~
 5.75125E-03  4.24519E-02 GeV   H2 -> W,W~
 2.72608E-03  2.01221E-02 GeV   H2 -> Z,Z
 2.46649E-03  1.82060E-02 GeV   H2 -> Hp2,Hp2~
 1.27503E-03  9.41143E-03 GeV   H2 -> H1,H1
 1.27503E-03  9.41143E-03 GeV   H2 -> A1,A1
 9.08920E-05  6.70904E-04 GeV   H2 -> c,c~
 5.93145E-05  4.37820E-04 GeV   H2 -> tau-,tau+
 5.16518E-06  3.81259E-05 GeV   H2 -> s,s~
 2.09715E-07  1.54797E-06 GeV   H2 -> mu-,mu+
 1.28619E-08  9.49376E-08 GeV   H2 -> d,d~
 3.66446E-10  2.70486E-09 GeV   H2 -> u,u~
 4.90512E-12  3.62063E-11 GeV   H2 -> e-,e+
 4.28728E-25  3.16459E-24 GeV   H2 -> vt,vt~
 1.33691E-26  9.86815E-26 GeV   H2 -> vm,vm~
 1.68780E-28  1.24582E-27 GeV   H2 -> ve,ve~
 5.71103E-36  4.21550E-35 GeV   H2 -> A,Z
 4.56123E-36  3.36679E-35 GeV   H2 -> A,A
 Branching    Partial width     Channel
 9.86906E-01  9.27238E+00 GeV   A2 -> t,t~
 8.97968E-03  8.43676E-02 GeV   A2 -> b,b~
 4.00211E-03  3.76014E-02 GeV   A2 -> Z,H0
 6.50894E-05  6.11541E-04 GeV   A2 -> c,c~
 4.24769E-05  3.99087E-04 GeV   A2 -> tau-,tau+
 4.14724E-06  3.89650E-05 GeV   A2 -> s,s~
 1.50178E-07  1.41098E-06 GeV   A2 -> mu-,mu+
 1.03271E-08  9.70270E-08 GeV   A2 -> d,d~
 2.62414E-10  2.46548E-09 GeV   A2 -> u,u~
 3.51259E-12  3.30021E-11 GeV   A2 -> e-,e+
 3.44236E-25  3.23423E-24 GeV   A2 -> vt,vt~
 1.07343E-26  1.00853E-25 GeV   A2 -> vm,vm~
 1.35517E-28  1.27324E-27 GeV   A2 -> ve,ve~
 -4.76901E-34  -4.48067E-33 GeV   A2 -> A,H0
 Branching    Partial width     Channel
 3.67738E-01  1.33996E-18 GeV   Hp2 -> A1,u,d~
 3.67738E-01  1.33996E-18 GeV   Hp2 -> H1,u,d~
 9.09810E-02  3.31516E-19 GeV   Hp2 -> A1,ve,e+
 9.09810E-02  3.31516E-19 GeV   Hp2 -> H1,ve,e+
 3.84372E-02  1.40057E-19 GeV   Hp2 -> A1,vm,e+
 3.84372E-02  1.40057E-19 GeV   Hp2 -> H1,vm,e+
 2.84363E-03  1.03616E-20 GeV   Hp2 -> A1,vt,e+
 2.84363E-03  1.03616E-20 GeV   Hp2 -> H1,vt,e+
 Branching    Partial width     Channel
 1.76685E-01  1.47730E+02 GeV   H3 -> Hp1,Hp1~
 1.32065E-01  1.10422E+02 GeV   H3 -> Wp,Wp~
 8.83462E-02  7.38677E+01 GeV   H3 -> A2,A2
 8.58142E-02  7.17507E+01 GeV   H3 -> H2,H2
 7.41775E-02  6.20211E+01 GeV   H3 -> W,W~
 5.30384E-02  4.43463E+01 GeV   H3 -> bp,bp~
 5.18547E-02  4.33566E+01 GeV   H3 -> Zp,Zp
 4.19911E-02  3.51094E+01 GeV   H3 -> Hp2,Hp2~
 4.11633E-02  3.44174E+01 GeV   H3 -> sp,sp~
 3.87934E-02  3.24358E+01 GeV   H3 -> H0,H0
 3.70907E-02  3.10122E+01 GeV   H3 -> Z,Z
 2.69270E-02  2.25141E+01 GeV   H3 -> dp,dp~
 2.19979E-02  1.83928E+01 GeV   H3 -> ~nm,~nm~
 2.09646E-02  1.75289E+01 GeV   H3 -> H1,H1
 2.09646E-02  1.75289E+01 GeV   H3 -> A1,A1
 1.56632E-02  1.30963E+01 GeV   H3 -> ~ne,~ne~
 1.54378E-02  1.29078E+01 GeV   H3 -> H0,H2
 1.45808E-02  1.21913E+01 GeV   H3 -> W~,Hp1
 1.45808E-02  1.21913E+01 GeV   H3 -> W,Hp1~
 1.45716E-02  1.21836E+01 GeV   H3 -> Z,A2
 1.31345E-02  1.09819E+01 GeV   H3 -> ~nt,~nt~
 8.19199E-05  6.84946E-02 GeV   H3 -> t,t~
 3.09740E-05  2.58979E-02 GeV   H3 -> Wp~,Hp2
 3.09740E-05  2.58979E-02 GeV   H3 -> Wp,Hp2~
 9.80318E-06  8.19661E-03 GeV   H3 -> Z,Zp
 3.00160E-06  2.50969E-03 GeV   H3 -> Zp,A2
 3.51321E-07  2.93746E-04 GeV   H3 -> b,b~
 4.47502E-09  3.74164E-06 GeV   H3 -> c,c~
 2.92039E-09  2.44179E-06 GeV   H3 -> tau-,tau+
 1.62238E-10  1.35650E-07 GeV   H3 -> s,s~
 1.03249E-11  8.63286E-09 GeV   H3 -> mu-,mu+
 4.03990E-13  3.37783E-10 GeV   H3 -> d,d~
 1.80413E-14  1.50847E-11 GeV   H3 -> u,u~
 2.41495E-16  2.01918E-13 GeV   H3 -> e-,e+
 1.34663E-29  1.12594E-26 GeV   H3 -> vt,vt~
 4.19922E-31  3.51104E-28 GeV   H3 -> vm,vm~
 5.30137E-33  4.43257E-30 GeV   H3 -> ve,ve~
 5.19829E-34  4.34638E-31 GeV   H3 -> A,Zp
 8.79118E-35  7.35046E-32 GeV   H3 -> A,A
 2.05414E-35  1.71750E-32 GeV   H3 -> A,Z
 -8.14379E-38  -6.80916E-35 GeV   H3 -> A,A2
 Branching    Partial width     Channel
 3.70119E-01  5.68238E-04 GeV   dp -> Hp2~,t
 1.91239E-01  2.93606E-04 GeV   dp -> Hp2~,u
 1.80417E-01  2.76992E-04 GeV   dp -> H1,b
 1.80417E-01  2.76992E-04 GeV   dp -> A1,b
 3.93258E-02  6.03763E-05 GeV   dp -> Hp2~,c
 1.82368E-02  2.79987E-05 GeV   dp -> H1,s
 1.82368E-02  2.79987E-05 GeV   dp -> A1,s
 1.00357E-03  1.54077E-06 GeV   dp -> H1,d
 1.00357E-03  1.54077E-06 GeV   dp -> A1,d
 Branching    Partial width     Channel
 4.81626E-01  3.85977E-02 GeV   sp -> Hp2~,t
 2.36666E-01  1.89665E-02 GeV   sp -> H1,b
 2.36666E-01  1.89665E-02 GeV   sp -> A1,b
 2.26044E-02  1.81152E-03 GeV   sp -> Hp2~,c
 1.04698E-02  8.39052E-04 GeV   sp -> H1,s
 1.04698E-02  8.39052E-04 GeV   sp -> A1,s
 5.26483E-04  4.21925E-05 GeV   sp -> H1,d
 5.26483E-04  4.21925E-05 GeV   sp -> A1,d
 4.45716E-04  3.57198E-05 GeV   sp -> Hp2~,u
 Branching    Partial width     Channel
 5.00345E-01  2.70468E+01 GeV   bp -> Hp2~,t
 2.49390E-01  1.34811E+01 GeV   bp -> H1,b
 2.49390E-01  1.34811E+01 GeV   bp -> A1,b
 4.20624E-04  2.27374E-02 GeV   bp -> H1,s
 4.20624E-04  2.27374E-02 GeV   bp -> A1,s
 1.69650E-05  9.17066E-04 GeV   bp -> H1,d
 1.69650E-05  9.17066E-04 GeV   bp -> A1,d
 9.00594E-08  4.86828E-06 GeV   bp -> Hp2~,c
 3.11083E-10  1.68160E-08 GeV   bp -> Hp2~,u
 Branching    Partial width     Channel
 4.97302E-01  6.50745E-04 GeV   ~ne -> Hp2,e-
 1.86572E-01  2.44139E-04 GeV   ~ne -> Hp2,tau-
 1.77710E-01  2.32542E-04 GeV   ~ne -> Hp2,mu-
 3.14228E-02  4.11183E-05 GeV   ~ne -> H1,vt
 3.14228E-02  4.11183E-05 GeV   ~ne -> A1,vt
 3.08709E-02  4.03961E-05 GeV   ~ne -> H1,vm
 3.08709E-02  4.03961E-05 GeV   ~ne -> A1,vm
 6.91400E-03  9.04730E-06 GeV   ~ne -> H1,ve
 6.91400E-03  9.04730E-06 GeV   ~ne -> A1,ve
 Branching    Partial width     Channel
 4.30489E-01  2.68708E-03 GeV   ~nm -> Hp2,tau-
 1.79505E-01  1.12046E-03 GeV   ~nm -> Hp2,mu-
 1.52457E-01  9.51629E-04 GeV   ~nm -> Hp2,e-
 6.01960E-02  3.75740E-04 GeV   ~nm -> H1,vt
 6.01960E-02  3.75740E-04 GeV   ~nm -> A1,vt
 4.85800E-02  3.03234E-04 GeV   ~nm -> H1,vm
 4.85800E-02  3.03234E-04 GeV   ~nm -> A1,vm
 9.95606E-03  6.21451E-05 GeV   ~nm -> H1,ve
 9.95606E-03  6.21451E-05 GeV   ~nm -> A1,ve
 4.46211E-05  2.78522E-07 GeV   ~nm -> Wp,mu-
 4.02839E-05  2.51450E-07 GeV   ~nm -> Wp,e-
 Branching    Partial width     Channel
 5.61339E-01  3.38491E+00 GeV   ~nt -> Wp,tau-
 4.14903E-01  2.50190E+00 GeV   ~nt -> Wp,mu-
 2.14504E-02  1.29348E-01 GeV   ~nt -> Wp,e-
 1.23433E-03  7.44312E-03 GeV   ~nt -> Hp2,tau-
 5.41330E-04  3.26426E-03 GeV   ~nt -> Hp2,mu-
 1.54192E-04  9.29788E-04 GeV   ~nt -> H1,vt
 1.54192E-04  9.29788E-04 GeV   ~nt -> A1,vt
 8.38131E-05  5.05400E-04 GeV   ~nt -> H1,vm
 8.38131E-05  5.05400E-04 GeV   ~nt -> A1,vm
 2.79186E-05  1.68351E-04 GeV   ~nt -> Hp2,e-
 1.41100E-05  8.50844E-05 GeV   ~nt -> H1,ve
 1.41100E-05  8.50844E-05 GeV   ~nt -> A1,ve
